<?xml version="1.0" encoding="UTF-8"?>
<testsuite name="stepdefs.TestRunner" time="0" tests="16" errors="0" skipped="16" failures="0">
  <properties>
[...]
</properties>
  <testcase name="Positive Login Scenario" classname="Login Feature" time="0">
    <skipped/>
    <system-out><![CDATA[@LoginFeature
Feature: Login Feature

  Background: Open the login page              # src/test/java/features/Login.feature:4
    Given User has navigated to the login page # null

  @LoginFeature @Regression @Sanity
  Scenario: Positive Login Scenario                    # src/test/java/features/Login.feature:8
    When User enters the correct username and password # null
    And User clicks on the logn button                 # null
    Then user should be navigated to the Home Page     # null
]]></system-out>
    <system-err><![CDATA[Nov 19, 2021 6:20:56 AM cucumber.runtime.filter.TagExpressionOld isOldTagExpression
WARNING: Found tags option '~@DataTable'. Support for '~@tag' will be removed from the next release of Cucumber-JVM. Please use 'not @tag' instead.
]]></system-err>
  </testcase>
  <testcase name="Positive Login Scenario" classname="Login Feature" time="0">
    <skipped/>
  </testcase>
  <testcase name="Positive Login Scenario" classname="Login Feature" time="0">
    <skipped/>
  </testcase>
  <testcase name="Positive Login Scenario" classname="Login Feature" time="0">
    <skipped/>
  </testcase>
  <testcase name="Positive Login with Parameters" classname="Login Feature" time="0">
    <skipped/>
    <system-out><![CDATA[
  Background: Open the login page              # src/test/java/features/Login.feature:4
    Given User has navigated to the login page # null

  @LoginFeature @Regression
  Scenario: Positive Login with Parameters                                      # src/test/java/features/Login.feature:14
    When User enters the correct username "abc@xyz.com" and password "Abc@1234" # null
    And User clicks on the logn button                                          # null
    Then user should be navigated to the Home Page                              # null
]]></system-out>
  </testcase>
  <testcase name="Positive Login with Parameters" classname="Login Feature" time="0">
    <skipped/>
  </testcase>
  <testcase name="Positive Login with Parameters" classname="Login Feature" time="0">
    <skipped/>
  </testcase>
  <testcase name="Positive Login with Parameters" classname="Login Feature" time="0">
    <skipped/>
  </testcase>
  <testcase name="Positive Login with Multiple Users" classname="Login Feature" time="0">
    <skipped/>
    <system-out><![CDATA[
  Scenario Outline: Positive Login with Multiple Users # src/test/java/features/Login.feature:19
    When User enters the correct username "<Username>" and password "<Password>"
    And User clicks on the logn button
    Then user should be navigated to the Home Page

    Examples: 

  Background: Open the login page              # src/test/java/features/Login.feature:4
    Given User has navigated to the login page # null

  @LoginFeature
  Scenario Outline: Positive Login with Multiple Users                           # src/test/java/features/Login.feature:26
    When User enters the correct username "abc@xyz.com" and password "Abc@12334" # null
    And User clicks on the logn button                                           # null
    Then user should be navigated to the Home Page                               # null
]]></system-out>
  </testcase>
  <testcase name="Positive Login with Multiple Users" classname="Login Feature" time="0">
    <skipped/>
  </testcase>
  <testcase name="Positive Login with Multiple Users" classname="Login Feature" time="0">
    <skipped/>
  </testcase>
  <testcase name="Positive Login with Multiple Users" classname="Login Feature" time="0">
    <skipped/>
  </testcase>
  <testcase name="Negative Login with Multiple Users" classname="Login Feature" time="0">
    <skipped/>
    <system-out><![CDATA[
  Scenario Outline: Negative Login with Multiple Users # src/test/java/features/Login.feature:28
    When User enters the correct username "<Username>" and password "<Password>"
    And User clicks on the logn button
    Then user should be get error message "<Error>"

    Examples: 

  Background: Open the login page              # src/test/java/features/Login.feature:4
    Given User has navigated to the login page # null

  @LoginFeature
  Scenario Outline: Negative Login with Multiple Users                                         # src/test/java/features/Login.feature:35
    When User enters the correct username "pink@xyz.com" and password "Def@1233"               # null
    And User clicks on the logn button                                                         # null
    Then user should be get error message "The email or password you have entered is invalid." # null
]]></system-out>
  </testcase>
  <testcase name="Negative Login with Multiple Users" classname="Login Feature" time="0">
    <skipped/>
  </testcase>
  <testcase name="Negative Login with Multiple Users" classname="Login Feature" time="0">
    <skipped/>
  </testcase>
  <testcase name="Negative Login with Multiple Users" classname="Login Feature" time="0">
    <skipped/>
  </testcase>
</testsuite>